Build started 2018/3/20 0:27:02.
     1>Project "D:\Work\src\CppCore\CppCore.vcxproj" on node 2 (build target(s)).
     1>InitializeBuildStatus:
         Touching "Debug\CppCore.unsuccessfulbuild".
       ClCompile:
         All outputs are up-to-date.
         All outputs are up-to-date.
         All outputs are up-to-date.
       ManifestResourceCompile:
         All outputs are up-to-date.
       Link:
         D:\Microsoft Visual Studio 10.0\VC\bin\link.exe /ERRORREPORT:PROMPT /OUT:"D:\Work\src\..\bin\Debug\CppCore.dll" /INCREMENTAL /NOLOGO /LIBPATH:D:\Work\src\..\ThirdParty\luajit kernel32.lib user32.lib gdi32.lib winspool.lib comdlg32.lib advapi32.lib shell32.lib ole32.lib oleaut32.lib uuid.lib odbc32.lib odbccp32.lib /MANIFEST /ManifestFile:"Debug\CppCore.dll.intermediate.manifest" /MANIFESTUAC:"level='asInvoker' uiAccess='false'" /DEBUG /PDB:"D:\Work\bin\Debug\CppCore.pdb" /SUBSYSTEM:WINDOWS /TLBID:1 /DYNAMICBASE /NXCOMPAT /IMPLIB:"D:\Work\src\..\bin\Debug\CppCore.lib" /MACHINE:X86 /DLL Debug\CppCore.dll.embed.manifest.res
         Debug\CppCore.obj
         Debug\dllmain.obj
         Debug\LuaCmdCppCore.obj
         Debug\stdafx.obj
       Manifest:
         C:\Program Files (x86)\Microsoft SDKs\Windows\v7.0A\bin\mt.exe /nologo /verbose /out:"Debug\CppCore.dll.embed.manifest" /manifest Debug\CppCore.dll.intermediate.manifest
         All outputs are up-to-date.
       LinkEmbedManifest:
         All outputs are up-to-date.
         CppCore.vcxproj -> D:\Work\src\..\bin\Debug\CppCore.dll
       FinalizeBuildStatus:
         Deleting file "Debug\CppCore.unsuccessfulbuild".
         Touching "Debug\CppCore.lastbuildstate".
     1>Done Building Project "D:\Work\src\CppCore\CppCore.vcxproj" (build target(s)).

Build succeeded.

Time Elapsed 00:00:00.34
